<?xml version="1.0" encoding="UTF-8"?>
<!-- Generated by org.testng.reporters.JUnitXMLReporter -->
<testsuite ignored="0" hostname="Helen_X230" failures="6" tests="12" name="WealthFomulaTest" time="1177.875" errors="0" timestamp="2021-12-01T15:28:56 CST">
  <testcase classname="test.ui.WealthFormula.MonthlyInvestmentAndTotal" name="wealthFormula" time="351.419"/>
  <testcase classname="test.ui.WealthFormula.MonthlyShareAndCash" name="wealthFormula" time="359.994"/>
  <testcase classname="test.ui.WealthFormula.MonthlyTotalValueAndReturn" name="wealthFormula" time="380.189"/>
  <testcase classname="test.ui.WealthFormula.OnceAtTheBeginningInvestmentAndTotal" name="wealthFormula" time="192.95"/>
  <testcase classname="test.ui.WealthFormula.OnceAtTheBeginningTotalValueAndReturn" name="wealthFormula" time="180.995">
    <failure type="java.lang.AssertionError" message="The following asserts failed:
	MSFT-Microsoft Corporation[Stocks] 2021-12-01 Return is incorrect expected [404.95] but found [404.94]">
      <![CDATA[java.lang.AssertionError: The following asserts failed:
MSFT-Microsoft Corporation[Stocks] 2021-12-01 Return is incorrect expected [404.95] but found [404.94]
at org.testng.asserts.SoftAssert.assertAll(SoftAssert.java:47)
at org.testng.asserts.SoftAssert.assertAll(SoftAssert.java:31)
at test.ui.WealthFormula.OnceAtTheBeginningTotalValueAndReturn.wealthFormula(OnceAtTheBeginningTotalValueAndReturn.java:152)
at java.base/jdk.internal.reflect.NativeMethodAccessorImpl.invoke0(Native Method)
at java.base/jdk.internal.reflect.NativeMethodAccessorImpl.invoke(NativeMethodAccessorImpl.java:78)
at java.base/jdk.internal.reflect.DelegatingMethodAccessorImpl.invoke(DelegatingMethodAccessorImpl.java:43)
at java.base/java.lang.reflect.Method.invoke(Method.java:567)
at org.testng.internal.MethodInvocationHelper.invokeMethod(MethodInvocationHelper.java:133)
at org.testng.internal.TestInvoker.invokeMethod(TestInvoker.java:598)
at org.testng.internal.TestInvoker.invokeTestMethod(TestInvoker.java:173)
at org.testng.internal.MethodRunner.runInSequence(MethodRunner.java:46)
at org.testng.internal.TestInvoker$MethodInvocationAgent.invoke(TestInvoker.java:824)
at org.testng.internal.TestInvoker.invokeTestMethods(TestInvoker.java:146)
at org.testng.internal.TestMethodWorker.invokeTestMethods(TestMethodWorker.java:146)
at org.testng.internal.TestMethodWorker.run(TestMethodWorker.java:128)
at java.base/java.util.concurrent.ThreadPoolExecutor.runWorker(ThreadPoolExecutor.java:1130)
at java.base/java.util.concurrent.ThreadPoolExecutor$Worker.run(ThreadPoolExecutor.java:630)
at java.base/java.lang.Thread.run(Thread.java:831)
]]>
    </failure>
  </testcase> <!-- wealthFormula -->
  <testcase classname="test.ui.WealthFormula.OnceAtTheBeginningShareAndCash" name="wealthFormula" time="215.584">
    <failure type="java.lang.AssertionError" message="The following asserts failed:
	AAPL-Apple Inc.[Stocks] 2020-09-01 Share is incorrect expected [590] but found [596]">
      <![CDATA[java.lang.AssertionError: The following asserts failed:
AAPL-Apple Inc.[Stocks] 2020-09-01 Share is incorrect expected [590] but found [596]
at org.testng.asserts.SoftAssert.assertAll(SoftAssert.java:47)
at org.testng.asserts.SoftAssert.assertAll(SoftAssert.java:31)
at test.ui.WealthFormula.OnceAtTheBeginningShareAndCash.wealthFormula(OnceAtTheBeginningShareAndCash.java:271)
at java.base/jdk.internal.reflect.NativeMethodAccessorImpl.invoke0(Native Method)
at java.base/jdk.internal.reflect.NativeMethodAccessorImpl.invoke(NativeMethodAccessorImpl.java:78)
at java.base/jdk.internal.reflect.DelegatingMethodAccessorImpl.invoke(DelegatingMethodAccessorImpl.java:43)
at java.base/java.lang.reflect.Method.invoke(Method.java:567)
at org.testng.internal.MethodInvocationHelper.invokeMethod(MethodInvocationHelper.java:133)
at org.testng.internal.TestInvoker.invokeMethod(TestInvoker.java:598)
at org.testng.internal.TestInvoker.invokeTestMethod(TestInvoker.java:173)
at org.testng.internal.MethodRunner.runInSequence(MethodRunner.java:46)
at org.testng.internal.TestInvoker$MethodInvocationAgent.invoke(TestInvoker.java:824)
at org.testng.internal.TestInvoker.invokeTestMethods(TestInvoker.java:146)
at org.testng.internal.TestMethodWorker.invokeTestMethods(TestMethodWorker.java:146)
at org.testng.internal.TestMethodWorker.run(TestMethodWorker.java:128)
at java.base/java.util.concurrent.ThreadPoolExecutor.runWorker(ThreadPoolExecutor.java:1130)
at java.base/java.util.concurrent.ThreadPoolExecutor$Worker.run(ThreadPoolExecutor.java:630)
at java.base/java.lang.Thread.run(Thread.java:831)
]]>
    </failure>
  </testcase> <!-- wealthFormula -->
  <testcase classname="test.ui.WealthFormula.QuarterlyTotalValueAndReturn" name="wealthFormula" time="42.713">
    <failure type="java.lang.NumberFormatException" message="empty String">
      <![CDATA[java.lang.NumberFormatException: empty String
at java.base/jdk.internal.math.FloatingDecimal.readJavaFormatString(FloatingDecimal.java:1842)
at java.base/jdk.internal.math.FloatingDecimal.parseFloat(FloatingDecimal.java:122)
at java.base/java.lang.Float.parseFloat(Float.java:468)
at test.ui.WealthFormula.QuarterlyTotalValueAndReturn.wealthFormula(QuarterlyTotalValueAndReturn.java:121)
at java.base/jdk.internal.reflect.NativeMethodAccessorImpl.invoke0(Native Method)
at java.base/jdk.internal.reflect.NativeMethodAccessorImpl.invoke(NativeMethodAccessorImpl.java:78)
at java.base/jdk.internal.reflect.DelegatingMethodAccessorImpl.invoke(DelegatingMethodAccessorImpl.java:43)
at java.base/java.lang.reflect.Method.invoke(Method.java:567)
at org.testng.internal.MethodInvocationHelper.invokeMethod(MethodInvocationHelper.java:133)
at org.testng.internal.TestInvoker.invokeMethod(TestInvoker.java:598)
at org.testng.internal.TestInvoker.invokeTestMethod(TestInvoker.java:173)
at org.testng.internal.MethodRunner.runInSequence(MethodRunner.java:46)
at org.testng.internal.TestInvoker$MethodInvocationAgent.invoke(TestInvoker.java:824)
at org.testng.internal.TestInvoker.invokeTestMethods(TestInvoker.java:146)
at org.testng.internal.TestMethodWorker.invokeTestMethods(TestMethodWorker.java:146)
at org.testng.internal.TestMethodWorker.run(TestMethodWorker.java:128)
at java.base/java.util.concurrent.ThreadPoolExecutor.runWorker(ThreadPoolExecutor.java:1130)
at java.base/java.util.concurrent.ThreadPoolExecutor$Worker.run(ThreadPoolExecutor.java:630)
at java.base/java.lang.Thread.run(Thread.java:831)
]]>
    </failure>
  </testcase> <!-- wealthFormula -->
  <testcase classname="test.ui.WealthFormula.QuarterlyInvestmentAndTotal" name="wealthFormula" time="180.656"/>
  <testcase classname="test.ui.WealthFormula.QuarterlyShareAndCash" name="wealthFormula" time="181.811">
    <failure type="java.lang.AssertionError" message="The following asserts failed:
	AAPL-Apple Inc.[Stocks] 2020-09-01 Share is incorrect expected [246] but found [250],
	AAPL-Apple Inc.[Stocks] 2020-09-01 Cash is incorrect expected [true] but found [false],
	AAPL-Apple Inc.[Stocks] 2021-03-01 Share is incorrect expected [260] but found [261],
	AAPL-Apple Inc.[Stocks] 2021-06-01 Share is incorrect expected [266] but found [267]">
      <![CDATA[java.lang.AssertionError: The following asserts failed:
AAPL-Apple Inc.[Stocks] 2020-09-01 Share is incorrect expected [246] but found [250],
AAPL-Apple Inc.[Stocks] 2020-09-01 Cash is incorrect expected [true] but found [false],
AAPL-Apple Inc.[Stocks] 2021-03-01 Share is incorrect expected [260] but found [261],
AAPL-Apple Inc.[Stocks] 2021-06-01 Share is incorrect expected [266] but found [267]
at org.testng.asserts.SoftAssert.assertAll(SoftAssert.java:47)
at org.testng.asserts.SoftAssert.assertAll(SoftAssert.java:31)
at test.ui.WealthFormula.QuarterlyShareAndCash.wealthFormula(QuarterlyShareAndCash.java:269)
at java.base/jdk.internal.reflect.NativeMethodAccessorImpl.invoke0(Native Method)
at java.base/jdk.internal.reflect.NativeMethodAccessorImpl.invoke(NativeMethodAccessorImpl.java:78)
at java.base/jdk.internal.reflect.DelegatingMethodAccessorImpl.invoke(DelegatingMethodAccessorImpl.java:43)
at java.base/java.lang.reflect.Method.invoke(Method.java:567)
at org.testng.internal.MethodInvocationHelper.invokeMethod(MethodInvocationHelper.java:133)
at org.testng.internal.TestInvoker.invokeMethod(TestInvoker.java:598)
at org.testng.internal.TestInvoker.invokeTestMethod(TestInvoker.java:173)
at org.testng.internal.MethodRunner.runInSequence(MethodRunner.java:46)
at org.testng.internal.TestInvoker$MethodInvocationAgent.invoke(TestInvoker.java:824)
at org.testng.internal.TestInvoker.invokeTestMethods(TestInvoker.java:146)
at org.testng.internal.TestMethodWorker.invokeTestMethods(TestMethodWorker.java:146)
at org.testng.internal.TestMethodWorker.run(TestMethodWorker.java:128)
at java.base/java.util.concurrent.ThreadPoolExecutor.runWorker(ThreadPoolExecutor.java:1130)
at java.base/java.util.concurrent.ThreadPoolExecutor$Worker.run(ThreadPoolExecutor.java:630)
at java.base/java.lang.Thread.run(Thread.java:831)
]]>
    </failure>
  </testcase> <!-- wealthFormula -->
  <testcase classname="test.ui.WealthFormula.YearlyInvestmentAndTotal" name="wealthFormula" time="271.617"/>
  <testcase classname="test.ui.WealthFormula.YearlyShareAndCash" name="wealthFormula" time="395.322">
    <failure type="java.lang.AssertionError" message="The following asserts failed:
	MSFT-Microsoft Corporation[Stocks] 2017-06-01 Cash is incorrect expected [true] but found [false],
	MSFT-Microsoft Corporation[Stocks] 2019-06-03 Cash is incorrect expected [true] but found [false],
	MSFT-Microsoft Corporation[Stocks] 2021-06-01 Cash is incorrect expected [true] but found [false],
	GOOG-Alphabet Inc.[Stocks] 2019-05-01 Cash is incorrect expected [true] but found [false],
	GOOG-Alphabet Inc.[Stocks] 2020-01-02 Cash is incorrect expected [true] but found [false],
	AAPL-Apple Inc.[Stocks] 2017-06-01 Cash is incorrect expected [true] but found [false],
	AAPL-Apple Inc.[Stocks] 2018-03-01 Cash is incorrect expected [true] but found [false],
	AAPL-Apple Inc.[Stocks] 2019-06-03 Cash is incorrect expected [true] but found [false],
	AAPL-Apple Inc.[Stocks] 2020-09-01 Share is incorrect expected [312] but found [314],
	AAPL-Apple Inc.[Stocks] 2020-09-01 Cash is incorrect expected [true] but found [false],
	AAPL-Apple Inc.[Stocks] 2021-03-01 Cash is incorrect expected [true] but found [false],
	AAPL-Apple Inc.[Stocks] 2021-09-01 Cash is incorrect expected [true] but found [false]">
      <![CDATA[java.lang.AssertionError: The following asserts failed:
MSFT-Microsoft Corporation[Stocks] 2017-06-01 Cash is incorrect expected [true] but found [false],
MSFT-Microsoft Corporation[Stocks] 2019-06-03 Cash is incorrect expected [true] but found [false],
MSFT-Microsoft Corporation[Stocks] 2021-06-01 Cash is incorrect expected [true] but found [false],
GOOG-Alphabet Inc.[Stocks] 2019-05-01 Cash is incorrect expected [true] but found [false],
GOOG-Alphabet Inc.[Stocks] 2020-01-02 Cash is incorrect expected [true] but found [false],
AAPL-Apple Inc.[Stocks] 2017-06-01 Cash is incorrect expected [true] but found [false],
AAPL-Apple Inc.[Stocks] 2018-03-01 Cash is incorrect expected [true] but found [false],
AAPL-Apple Inc.[Stocks] 2019-06-03 Cash is incorrect expected [true] but found [false],
AAPL-Apple Inc.[Stocks] 2020-09-01 Share is incorrect expected [312] but found [314],
AAPL-Apple Inc.[Stocks] 2020-09-01 Cash is incorrect expected [true] but found [false],
AAPL-Apple Inc.[Stocks] 2021-03-01 Cash is incorrect expected [true] but found [false],
AAPL-Apple Inc.[Stocks] 2021-09-01 Cash is incorrect expected [true] but found [false]
at org.testng.asserts.SoftAssert.assertAll(SoftAssert.java:47)
at org.testng.asserts.SoftAssert.assertAll(SoftAssert.java:31)
at test.ui.WealthFormula.YearlyShareAndCash.wealthFormula(YearlyShareAndCash.java:269)
at java.base/jdk.internal.reflect.NativeMethodAccessorImpl.invoke0(Native Method)
at java.base/jdk.internal.reflect.NativeMethodAccessorImpl.invoke(NativeMethodAccessorImpl.java:78)
at java.base/jdk.internal.reflect.DelegatingMethodAccessorImpl.invoke(DelegatingMethodAccessorImpl.java:43)
at java.base/java.lang.reflect.Method.invoke(Method.java:567)
at org.testng.internal.MethodInvocationHelper.invokeMethod(MethodInvocationHelper.java:133)
at org.testng.internal.TestInvoker.invokeMethod(TestInvoker.java:598)
at org.testng.internal.TestInvoker.invokeTestMethod(TestInvoker.java:173)
at org.testng.internal.MethodRunner.runInSequence(MethodRunner.java:46)
at org.testng.internal.TestInvoker$MethodInvocationAgent.invoke(TestInvoker.java:824)
at org.testng.internal.TestInvoker.invokeTestMethods(TestInvoker.java:146)
at org.testng.internal.TestMethodWorker.invokeTestMethods(TestMethodWorker.java:146)
at org.testng.internal.TestMethodWorker.run(TestMethodWorker.java:128)
at java.base/java.util.concurrent.ThreadPoolExecutor.runWorker(ThreadPoolExecutor.java:1130)
at java.base/java.util.concurrent.ThreadPoolExecutor$Worker.run(ThreadPoolExecutor.java:630)
at java.base/java.lang.Thread.run(Thread.java:831)
]]>
    </failure>
  </testcase> <!-- wealthFormula -->
  <testcase classname="test.ui.WealthFormula.YearlyTotalValueAndReturn" name="wealthFormula" time="389.544">
    <failure type="java.lang.AssertionError" message="The following asserts failed:
	MSFT-Microsoft Corporation[Stocks] 2018-12-03 Return is incorrect expected [49.16] but found [49.17],
	MSFT-Microsoft Corporation[Stocks] 2021-01-04 Return is incorrect expected [110.1] but found [110.11]">
      <![CDATA[java.lang.AssertionError: The following asserts failed:
MSFT-Microsoft Corporation[Stocks] 2018-12-03 Return is incorrect expected [49.16] but found [49.17],
MSFT-Microsoft Corporation[Stocks] 2021-01-04 Return is incorrect expected [110.1] but found [110.11]
at org.testng.asserts.SoftAssert.assertAll(SoftAssert.java:47)
at org.testng.asserts.SoftAssert.assertAll(SoftAssert.java:31)
at test.ui.WealthFormula.YearlyTotalValueAndReturn.wealthFormula(YearlyTotalValueAndReturn.java:151)
at java.base/jdk.internal.reflect.NativeMethodAccessorImpl.invoke0(Native Method)
at java.base/jdk.internal.reflect.NativeMethodAccessorImpl.invoke(NativeMethodAccessorImpl.java:78)
at java.base/jdk.internal.reflect.DelegatingMethodAccessorImpl.invoke(DelegatingMethodAccessorImpl.java:43)
at java.base/java.lang.reflect.Method.invoke(Method.java:567)
at org.testng.internal.MethodInvocationHelper.invokeMethod(MethodInvocationHelper.java:133)
at org.testng.internal.TestInvoker.invokeMethod(TestInvoker.java:598)
at org.testng.internal.TestInvoker.invokeTestMethod(TestInvoker.java:173)
at org.testng.internal.MethodRunner.runInSequence(MethodRunner.java:46)
at org.testng.internal.TestInvoker$MethodInvocationAgent.invoke(TestInvoker.java:824)
at org.testng.internal.TestInvoker.invokeTestMethods(TestInvoker.java:146)
at org.testng.internal.TestMethodWorker.invokeTestMethods(TestMethodWorker.java:146)
at org.testng.internal.TestMethodWorker.run(TestMethodWorker.java:128)
at java.base/java.util.concurrent.ThreadPoolExecutor.runWorker(ThreadPoolExecutor.java:1130)
at java.base/java.util.concurrent.ThreadPoolExecutor$Worker.run(ThreadPoolExecutor.java:630)
at java.base/java.lang.Thread.run(Thread.java:831)
]]>
    </failure>
  </testcase> <!-- wealthFormula -->
</testsuite> <!-- WealthFomulaTest -->
